2026-03-31 15:45:25,596 [INFO] src.main: === Wildfire Risk MVP Pipeline Started ===
2026-03-31 15:45:25,597 [INFO] src.main: [Step 1/5] Ingesting Sentinel-2 imagery...
2026-03-31 15:45:30,449 [WARNING] googleapiclient.http: Encountered 403 Forbidden with reason "PERMISSION_DENIED"
2026-03-31 15:45:30,451 [ERROR] src.data.ingestion: GEE initialization failed: ee.Initialize: no project found. Call with project= or see http://goo.gle/ee-auth.
2026-03-31 15:47:12,668 [INFO] src.main: === Wildfire Risk MVP Pipeline Started ===
2026-03-31 15:47:12,669 [INFO] src.main: [Step 1/5] Ingesting Sentinel-2 imagery...
2026-03-31 15:47:16,181 [WARNING] googleapiclient.http: Encountered 403 Forbidden with reason "PERMISSION_DENIED"
2026-03-31 15:47:16,182 [ERROR] src.data.ingestion: GEE initialization failed: ee.Initialize: no project found. Call with project= or see http://goo.gle/ee-auth.
2026-03-31 15:49:59,297 [INFO] src.main: === Wildfire Risk MVP Pipeline Started ===
2026-03-31 15:49:59,297 [INFO] src.main: [Step 1/5] Ingesting Sentinel-2 imagery...
2026-03-31 15:50:02,840 [WARNING] googleapiclient.http: Encountered 403 Forbidden with reason "PERMISSION_DENIED"
2026-03-31 15:50:02,841 [ERROR] src.data.ingestion: GEE initialization failed: ee.Initialize: no project found. Call with project= or see http://goo.gle/ee-auth.
2026-03-31 15:52:58,729 [INFO] src.main: === Wildfire Risk MVP Pipeline Started ===
2026-03-31 15:52:58,729 [INFO] src.main: [Step 1/5] Ingesting Sentinel-2 imagery...
2026-03-31 15:53:01,084 [WARNING] googleapiclient.http: Encountered 403 Forbidden with reason "PERMISSION_DENIED"
2026-03-31 15:53:01,085 [ERROR] src.data.ingestion: GEE initialization failed: ee.Initialize: no project found. Call with project= or see http://goo.gle/ee-auth.. Set gee.project in config/config.yaml or define EE_PROJECT/GOOGLE_CLOUD_PROJECT.
2026-03-31 16:05:17,213 [INFO] src.main: === Wildfire Risk MVP Pipeline Started ===
2026-03-31 16:05:17,214 [INFO] src.main: [Step 1/5] Ingesting Sentinel-2 imagery...
2026-03-31 16:05:21,844 [INFO] src.data.ingestion: Google Earth Engine initialized successfully with project 'alaska-wildfire'.
2026-03-31 16:05:21,845 [INFO] src.data.ingestion: Fetching COPERNICUS/S2_SR_HARMONIZED from 2024-07-01 to 2024-07-31 over Southern California (cloud <= 20%)
2026-03-31 16:05:22,504 [INFO] src.data.ingestion: Found 43 images after filtering.
2026-03-31 16:05:22,505 [INFO] src.main: [Step 2/5] Preprocessing: cloud masking + band selection...
2026-03-31 16:05:22,510 [INFO] src.data.preprocessing: Cloud masking applied to image collection.
2026-03-31 16:05:22,512 [INFO] src.data.preprocessing: Preprocessing complete. Selected bands: B4, B8.
2026-03-31 16:05:22,513 [INFO] src.data.ingestion: Median composite created.
2026-03-31 16:05:22,513 [INFO] src.main: [Step 3/5] Computing NDVI...
2026-03-31 16:05:22,514 [INFO] src.features.ndvi: NDVI computed using bands NIR=B8, Red=B4.
2026-03-31 16:07:14,203 [INFO] src.features.ndvi: NDVI statistics: {'NDVI_max': 1, 'NDVI_mean': 0.22313331646207182, 'NDVI_min': -1, 'NDVI_stdDev': 0.18871165875985088}
2026-03-31 16:07:14,204 [INFO] src.main: NDVI Stats: {'NDVI_max': 1, 'NDVI_mean': 0.22313331646207182, 'NDVI_min': -1, 'NDVI_stdDev': 0.18871165875985088}
2026-03-31 16:07:14,204 [INFO] src.main: [Step 4/5] Classifying NDVI into risk categories...
2026-03-31 16:12:37,624 [INFO] src.main: === Wildfire Risk MVP Pipeline Started ===
2026-03-31 16:12:37,624 [INFO] src.main: [Step 1/5] Ingesting Sentinel-2 imagery...
2026-03-31 16:12:43,810 [INFO] src.data.ingestion: Google Earth Engine initialized successfully with project 'alaska-wildfire'.
2026-03-31 16:12:43,811 [INFO] src.data.ingestion: Fetching COPERNICUS/S2_SR_HARMONIZED from 2024-07-01 to 2024-07-31 over Southern California (cloud <= 20%)
2026-03-31 16:12:44,912 [INFO] src.data.ingestion: Found 43 images after filtering.
2026-03-31 16:12:44,912 [INFO] src.main: [Step 2/5] Preprocessing: cloud masking + band selection...
2026-03-31 16:12:44,920 [INFO] src.data.preprocessing: Cloud masking applied to image collection.
2026-03-31 16:12:44,921 [INFO] src.data.preprocessing: Preprocessing complete. Selected bands: B4, B8.
2026-03-31 16:12:44,922 [INFO] src.data.ingestion: Median composite created.
2026-03-31 16:12:44,923 [INFO] src.main: [Step 3/5] Computing NDVI...
2026-03-31 16:12:44,924 [INFO] src.features.ndvi: NDVI computed using bands NIR=B8, Red=B4.
2026-03-31 16:12:46,643 [INFO] src.features.ndvi: NDVI statistics: {'NDVI_max': 1, 'NDVI_mean': 0.22313331646207182, 'NDVI_min': -1, 'NDVI_stdDev': 0.18871165875985088}
2026-03-31 16:12:46,644 [INFO] src.main: NDVI Stats: {'NDVI_max': 1, 'NDVI_mean': 0.22313331646207182, 'NDVI_min': -1, 'NDVI_stdDev': 0.18871165875985088}
2026-03-31 16:12:46,644 [INFO] src.main: [Step 4/5] Classifying NDVI into risk categories...
2026-03-31 16:18:30,652 [INFO] src.main: === Wildfire Risk MVP Pipeline Started ===
2026-03-31 16:18:30,653 [INFO] src.main: [Step 1/5] Ingesting Sentinel-2 imagery...
2026-03-31 16:18:34,644 [INFO] src.data.ingestion: Google Earth Engine initialized successfully with project 'alaska-wildfire'.
2026-03-31 16:18:34,644 [INFO] src.data.ingestion: Fetching COPERNICUS/S2_SR_HARMONIZED from 2024-07-01 to 2024-07-31 over Southern California (cloud <= 20%)
2026-03-31 16:18:36,900 [INFO] src.data.ingestion: Found 43 images after filtering.
2026-03-31 16:18:36,900 [INFO] src.main: [Step 2/5] Preprocessing: cloud masking + band selection...
2026-03-31 16:18:36,902 [INFO] src.data.preprocessing: Cloud masking applied to image collection.
2026-03-31 16:18:36,903 [INFO] src.data.preprocessing: Preprocessing complete. Selected bands: B4, B8.
2026-03-31 16:18:36,903 [INFO] src.data.ingestion: Median composite created.
2026-03-31 16:18:36,903 [INFO] src.main: [Step 3/5] Computing NDVI...
2026-03-31 16:18:36,904 [INFO] src.features.ndvi: NDVI computed using bands NIR=B8, Red=B4.
2026-03-31 16:18:37,543 [INFO] src.features.ndvi: NDVI statistics: {'NDVI_max': 1, 'NDVI_mean': 0.22313331646207182, 'NDVI_min': -1, 'NDVI_stdDev': 0.18871165875985088}
2026-03-31 16:18:37,544 [INFO] src.main: NDVI Stats: {'NDVI_max': 1, 'NDVI_mean': 0.22313331646207182, 'NDVI_min': -1, 'NDVI_stdDev': 0.18871165875985088}
2026-03-31 16:18:37,544 [INFO] src.main: [Step 4/5] Classifying NDVI into risk categories...
2026-03-31 16:18:37,545 [INFO] src.risk.mapping: Risk classification applied. Thresholds -> High: NDVI < 0.2, Moderate: 0.2 to 0.4, Low: NDVI >= 0.4
2026-03-31 16:18:40,188 [INFO] src.risk.mapping: Sampled 4000 risk points from the classified image.
2026-03-31 16:18:49,138 [INFO] src.risk.mapping: Risk area statistics: {'Low': 444754.80784313835, 'Moderate': 694736.7921568598, 'High': 1834692.7843137141}
2026-03-31 16:18:49,138 [INFO] src.main: [Step 5/5] Generating wildfire risk map...
2026-03-31 16:18:49,144 [INFO] src.visualization.map: Folium map built for region: Southern California
2026-03-31 16:18:49,268 [INFO] src.visualization.map: Map saved to: outputs/maps/wildfire_risk_map.html
2026-03-31 16:18:49,268 [INFO] src.main: === Pipeline Complete. Map saved to: outputs/maps/wildfire_risk_map.html ===
2026-03-31 16:25:20,932 [INFO] src.main: === Wildfire Risk MVP Pipeline Started ===
2026-03-31 16:25:20,932 [INFO] src.main: [Step 1/5] Ingesting Sentinel-2 imagery...
2026-03-31 16:25:24,001 [INFO] src.data.ingestion: Google Earth Engine initialized successfully with project 'alaska-wildfire'.
2026-03-31 16:25:24,001 [INFO] src.data.ingestion: Fetching COPERNICUS/S2_SR_HARMONIZED from 2024-07-01 to 2024-07-31 over Southern California (cloud <= 20%)
2026-03-31 16:25:24,666 [INFO] src.data.ingestion: Found 43 images after filtering.
2026-03-31 16:25:24,667 [INFO] src.main: [Step 2/5] Preprocessing: cloud masking + band selection...
2026-03-31 16:25:24,668 [INFO] src.data.preprocessing: Cloud masking applied to image collection.
2026-03-31 16:25:24,669 [INFO] src.data.preprocessing: Preprocessing complete. Selected bands: B4, B8.
2026-03-31 16:25:24,669 [INFO] src.data.ingestion: Median composite created.
2026-03-31 16:25:24,670 [INFO] src.main: [Step 3/5] Computing NDVI...
2026-03-31 16:25:24,670 [INFO] src.features.ndvi: NDVI computed using bands NIR=B8, Red=B4.
2026-03-31 16:25:26,350 [INFO] src.features.ndvi: NDVI statistics: {'NDVI_max': 1, 'NDVI_mean': 0.22313331646207182, 'NDVI_min': -1, 'NDVI_stdDev': 0.18871165875985088}
2026-03-31 16:25:26,350 [INFO] src.main: NDVI Stats: {'NDVI_max': 1, 'NDVI_mean': 0.22313331646207182, 'NDVI_min': -1, 'NDVI_stdDev': 0.18871165875985088}
2026-03-31 16:25:26,350 [INFO] src.main: [Step 4/5] Classifying NDVI into risk categories...
2026-03-31 16:25:26,351 [INFO] src.risk.mapping: Risk classification applied. Thresholds -> High: NDVI < 0.2, Moderate: 0.2 to 0.4, Low: NDVI >= 0.4
2026-03-31 16:25:27,737 [INFO] src.risk.mapping: Sampled 4000 risk points from the classified image.
2026-03-31 16:25:29,375 [INFO] src.risk.mapping: Risk area statistics: {'Low': 444754.80784313835, 'Moderate': 694736.7921568598, 'High': 1834692.7843137141}
2026-03-31 16:25:29,376 [INFO] src.main: [Step 5/5] Generating wildfire risk map...
2026-03-31 16:25:29,381 [INFO] src.visualization.map: Folium map built for region: Southern California
2026-03-31 16:25:29,512 [INFO] src.visualization.map: Map saved to: outputs/maps/wildfire_risk_map.html
2026-03-31 16:25:29,513 [INFO] src.main: === Pipeline Complete. Map saved to: outputs/maps/wildfire_risk_map.html ===
2026-03-31 16:28:19,721 [INFO] src.main: === Wildfire Risk MVP Pipeline Started ===
2026-03-31 16:28:19,721 [INFO] src.main: [Step 1/5] Ingesting Sentinel-2 imagery...
2026-03-31 16:28:38,715 [INFO] src.data.ingestion: Google Earth Engine initialized successfully with project 'alaska-wildfire'.
2026-03-31 16:28:38,716 [INFO] src.data.ingestion: Fetching COPERNICUS/S2_SR_HARMONIZED from 2024-07-01 to 2024-07-31 over Southern California (cloud <= 20%)
2026-03-31 16:28:39,308 [INFO] src.data.ingestion: Found 43 images after filtering.
2026-03-31 16:28:39,308 [INFO] src.main: [Step 2/5] Preprocessing: cloud masking + band selection...
2026-03-31 16:28:39,310 [INFO] src.data.preprocessing: Cloud masking applied to image collection.
2026-03-31 16:28:39,310 [INFO] src.data.preprocessing: Preprocessing complete. Selected bands: B4, B8.
2026-03-31 16:28:39,311 [INFO] src.data.ingestion: Median composite created.
2026-03-31 16:28:39,311 [INFO] src.main: [Step 3/5] Computing NDVI...
2026-03-31 16:28:39,311 [INFO] src.features.ndvi: NDVI computed using bands NIR=B8, Red=B4.
2026-03-31 16:28:40,896 [INFO] src.features.ndvi: NDVI statistics: {'NDVI_max': 1, 'NDVI_mean': 0.22313331646207182, 'NDVI_min': -1, 'NDVI_stdDev': 0.18871165875985088}
2026-03-31 16:28:40,896 [INFO] src.main: NDVI Stats: {'NDVI_max': 1, 'NDVI_mean': 0.22313331646207182, 'NDVI_min': -1, 'NDVI_stdDev': 0.18871165875985088}
2026-03-31 16:28:40,896 [INFO] src.main: [Step 4/5] Classifying NDVI into risk categories...
2026-03-31 16:28:40,897 [INFO] src.risk.mapping: Risk classification applied. Thresholds -> High: NDVI < 0.2, Moderate: 0.2 to 0.4, Low: NDVI >= 0.4
2026-03-31 16:28:42,248 [INFO] src.risk.mapping: Sampled 4000 risk points from the classified image.
2026-03-31 16:28:42,834 [INFO] src.risk.mapping: Risk area statistics: {'Low': 444754.80784313835, 'Moderate': 694736.7921568598, 'High': 1834692.7843137141}
2026-03-31 16:28:42,834 [INFO] src.main: [Step 5/5] Generating wildfire risk map...
2026-03-31 16:28:42,944 [INFO] src.visualization.map: Folium map built for region: Southern California
2026-03-31 16:28:47,174 [INFO] src.visualization.map: Map saved to: outputs/maps/wildfire_risk_map.html
2026-03-31 16:28:47,174 [INFO] src.main: === Pipeline Complete. Map saved to: outputs/maps/wildfire_risk_map.html ===
2026-03-31 16:29:30,227 [INFO] src.main: === Wildfire Risk MVP Pipeline Started ===
2026-03-31 16:29:30,227 [INFO] src.main: [Step 1/5] Ingesting Sentinel-2 imagery...
2026-03-31 16:29:34,156 [INFO] src.data.ingestion: Google Earth Engine initialized successfully with project 'alaska-wildfire'.
2026-03-31 16:29:34,156 [INFO] src.data.ingestion: Fetching COPERNICUS/S2_SR_HARMONIZED from 2024-07-01 to 2024-07-31 over Southern California (cloud <= 20%)
2026-03-31 16:29:34,705 [INFO] src.data.ingestion: Found 43 images after filtering.
2026-03-31 16:29:34,705 [INFO] src.main: [Step 2/5] Preprocessing: cloud masking + band selection...
2026-03-31 16:29:34,707 [INFO] src.data.preprocessing: Cloud masking applied to image collection.
2026-03-31 16:29:34,707 [INFO] src.data.preprocessing: Preprocessing complete. Selected bands: B4, B8.
2026-03-31 16:29:34,708 [INFO] src.data.ingestion: Median composite created.
2026-03-31 16:29:34,708 [INFO] src.main: [Step 3/5] Computing NDVI...
2026-03-31 16:29:34,708 [INFO] src.features.ndvi: NDVI computed using bands NIR=B8, Red=B4.
2026-03-31 16:29:35,288 [INFO] src.features.ndvi: NDVI statistics: {'NDVI_max': 1, 'NDVI_mean': 0.22313331646207182, 'NDVI_min': -1, 'NDVI_stdDev': 0.18871165875985088}
2026-03-31 16:29:35,288 [INFO] src.main: NDVI Stats: {'NDVI_max': 1, 'NDVI_mean': 0.22313331646207182, 'NDVI_min': -1, 'NDVI_stdDev': 0.18871165875985088}
2026-03-31 16:29:35,288 [INFO] src.main: [Step 4/5] Classifying NDVI into risk categories...
2026-03-31 16:29:35,289 [INFO] src.risk.mapping: Risk classification applied. Thresholds -> High: NDVI < 0.2, Moderate: 0.2 to 0.4, Low: NDVI >= 0.4
2026-03-31 16:29:37,427 [INFO] src.risk.mapping: Sampled 4000 risk points from the classified image.
2026-03-31 16:29:39,109 [INFO] src.risk.mapping: Risk area statistics: {'Low': 444754.80784313835, 'Moderate': 694736.7921568598, 'High': 1834692.7843137141}
2026-03-31 16:29:39,109 [INFO] src.main: [Step 5/5] Generating wildfire risk map...
2026-03-31 16:29:39,274 [INFO] src.visualization.map: Folium map built for region: Southern California
2026-03-31 16:29:44,580 [INFO] src.visualization.map: Map saved to: outputs/maps/wildfire_risk_map.html
2026-03-31 16:29:44,580 [INFO] src.main: === Pipeline Complete. Map saved to: outputs/maps/wildfire_risk_map.html ===
